This is pdfTeX, Version 3.14159265-2.6-1.40.19 (TeX Live 2018) (preloaded format=pdflatex 2018.4.16)  28 MAY 2021 16:19
entering extended mode
 restricted \write18 enabled.
 file:line:error style messages enabled.
 %&-line parsing enabled.
**running_short_initial_analysis.tex
(./running_short_initial_analysis.tex
LaTeX2e <2018-04-01> patch level 2
Babel <3.18> and hyphenation patterns for 84 language(s) loaded.
(/usr/local/texlive/2018/texmf-dist/tex/latex/base/article.cls
Document Class: article 2014/09/29 v1.4h Standard LaTeX document class
(/usr/local/texlive/2018/texmf-dist/tex/latex/base/size10.clo
File: size10.clo 2014/09/29 v1.4h Standard LaTeX file (size option)
)
\c@part=\count80
\c@section=\count81
\c@subsection=\count82
\c@subsubsection=\count83
\c@paragraph=\count84
\c@subparagraph=\count85
\c@figure=\count86
\c@table=\count87
\abovecaptionskip=\skip41
\belowcaptionskip=\skip42
\bibindent=\dimen102
)
(/usr/local/texlive/2018/texmf-dist/tex/latex/booktabs/booktabs.sty
Package: booktabs 2016/04/27 v1.618033 publication quality tables
\heavyrulewidth=\dimen103
\lightrulewidth=\dimen104
\cmidrulewidth=\dimen105
\belowrulesep=\dimen106
\belowbottomsep=\dimen107
\aboverulesep=\dimen108
\abovetopsep=\dimen109
\cmidrulesep=\dimen110
\cmidrulekern=\dimen111
\defaultaddspace=\dimen112
\@cmidla=\count88
\@cmidlb=\count89
\@aboverulesep=\dimen113
\@belowrulesep=\dimen114
\@thisruleclass=\count90
\@lastruleclass=\count91
\@thisrulewidth=\dimen115
)
(/usr/local/texlive/2018/texmf-dist/tex/latex/graphics/graphicx.sty
Package: graphicx 2017/06/01 v1.1a Enhanced LaTeX Graphics (DPC,SPQR)

(/usr/local/texlive/2018/texmf-dist/tex/latex/graphics/keyval.sty
Package: keyval 2014/10/28 v1.15 key=value parser (DPC)
\KV@toks@=\toks14
)
(/usr/local/texlive/2018/texmf-dist/tex/latex/graphics/graphics.sty
Package: graphics 2017/06/25 v1.2c Standard LaTeX Graphics (DPC,SPQR)

(/usr/local/texlive/2018/texmf-dist/tex/latex/graphics/trig.sty
Package: trig 2016/01/03 v1.10 sin cos tan (DPC)
)
(/usr/local/texlive/2018/texmf-dist/tex/latex/graphics-cfg/graphics.cfg
File: graphics.cfg 2016/06/04 v1.11 sample graphics configuration
)
Package graphics Info: Driver file: pdftex.def on input line 99.

(/usr/local/texlive/2018/texmf-dist/tex/latex/graphics-def/pdftex.def
File: pdftex.def 2018/01/08 v1.0l Graphics/color driver for pdftex
))
\Gin@req@height=\dimen116
\Gin@req@width=\dimen117
)
(/usr/local/texlive/2018/texmf-dist/tex/latex/caption/caption.sty
Package: caption 2016/02/21 v3.3-144 Customizing captions (AR)

(/usr/local/texlive/2018/texmf-dist/tex/latex/caption/caption3.sty
Package: caption3 2016/05/22 v1.7-166 caption3 kernel (AR)
Package caption3 Info: TeX engine: e-TeX on input line 67.
\captionmargin=\dimen118
\captionmargin@=\dimen119
\captionwidth=\dimen120
\caption@tempdima=\dimen121
\caption@indent=\dimen122
\caption@parindent=\dimen123
\caption@hangindent=\dimen124
)
\c@ContinuedFloat=\count92
)
(/usr/local/texlive/2018/texmf-dist/tex/latex/caption/subcaption.sty
Package: subcaption 2016/05/22 v1.1-161 Sub-captions (AR)
\c@subfigure=\count93
\c@subtable=\count94
)
(./running_short_initial_analysis.aux)
\openout1 = `running_short_initial_analysis.aux'.

LaTeX Font Info:    Checking defaults for OML/cmm/m/it on input line 13.
LaTeX Font Info:    ... okay on input line 13.
LaTeX Font Info:    Checking defaults for T1/cmr/m/n on input line 13.
LaTeX Font Info:    ... okay on input line 13.
LaTeX Font Info:    Checking defaults for OT1/cmr/m/n on input line 13.
LaTeX Font Info:    ... okay on input line 13.
LaTeX Font Info:    Checking defaults for OMS/cmsy/m/n on input line 13.
LaTeX Font Info:    ... okay on input line 13.
LaTeX Font Info:    Checking defaults for OMX/cmex/m/n on input line 13.
LaTeX Font Info:    ... okay on input line 13.
LaTeX Font Info:    Checking defaults for U/cmr/m/n on input line 13.
LaTeX Font Info:    ... okay on input line 13.

(/usr/local/texlive/2018/texmf-dist/tex/context/base/mkii/supp-pdf.mkii
[Loading MPS to PDF converter (version 2006.09.02).]
\scratchcounter=\count95
\scratchdimen=\dimen125
\scratchbox=\box26
\nofMPsegments=\count96
\nofMParguments=\count97
\everyMPshowfont=\toks15
\MPscratchCnt=\count98
\MPscratchDim=\dimen126
\MPnumerator=\count99
\makeMPintoPDFobject=\count100
\everyMPtoPDFconversion=\toks16
) (/usr/local/texlive/2018/texmf-dist/tex/latex/oberdiek/epstopdf-base.sty
Package: epstopdf-base 2016/05/15 v2.6 Base part for package epstopdf

(/usr/local/texlive/2018/texmf-dist/tex/generic/oberdiek/infwarerr.sty
Package: infwarerr 2016/05/16 v1.4 Providing info/warning/error messages (HO)
)
(/usr/local/texlive/2018/texmf-dist/tex/latex/oberdiek/grfext.sty
Package: grfext 2016/05/16 v1.2 Manage graphics extensions (HO)

(/usr/local/texlive/2018/texmf-dist/tex/generic/oberdiek/kvdefinekeys.sty
Package: kvdefinekeys 2016/05/16 v1.4 Define keys (HO)

(/usr/local/texlive/2018/texmf-dist/tex/generic/oberdiek/ltxcmds.sty
Package: ltxcmds 2016/05/16 v1.23 LaTeX kernel commands for general use (HO)
)))
(/usr/local/texlive/2018/texmf-dist/tex/latex/oberdiek/kvoptions.sty
Package: kvoptions 2016/05/16 v3.12 Key value format for package options (HO)

(/usr/local/texlive/2018/texmf-dist/tex/generic/oberdiek/kvsetkeys.sty
Package: kvsetkeys 2016/05/16 v1.17 Key value parser (HO)

(/usr/local/texlive/2018/texmf-dist/tex/generic/oberdiek/etexcmds.sty
Package: etexcmds 2016/05/16 v1.6 Avoid name clashes with e-TeX commands (HO)

(/usr/local/texlive/2018/texmf-dist/tex/generic/oberdiek/ifluatex.sty
Package: ifluatex 2016/05/16 v1.4 Provides the ifluatex switch (HO)
Package ifluatex Info: LuaTeX not detected.
)
Package etexcmds Info: Could not find \expanded.
(etexcmds)             That can mean that you are not using pdfTeX 1.50 or
(etexcmds)             that some package has redefined \expanded.
(etexcmds)             In the latter case, load this package earlier.
)))
(/usr/local/texlive/2018/texmf-dist/tex/generic/oberdiek/pdftexcmds.sty
Package: pdftexcmds 2018/01/30 v0.27 Utility functions of pdfTeX for LuaTeX (HO
)

(/usr/local/texlive/2018/texmf-dist/tex/generic/oberdiek/ifpdf.sty
Package: ifpdf 2017/03/15 v3.2 Provides the ifpdf switch
)
Package pdftexcmds Info: LuaTeX not detected.
Package pdftexcmds Info: \pdf@primitive is available.
Package pdftexcmds Info: \pdf@ifprimitive is available.
Package pdftexcmds Info: \pdfdraftmode found.
)
Package epstopdf-base Info: Redefining graphics rule for `.eps' on input line 4
38.
Package grfext Info: Graphics extension search list:
(grfext)             [.pdf,.png,.jpg,.mps,.jpeg,.jbig2,.jb2,.PDF,.PNG,.JPG,.JPE
G,.JBIG2,.JB2,.eps]
(grfext)             \AppendGraphicsExtensions on input line 456.

(/usr/local/texlive/2018/texmf-dist/tex/latex/latexconfig/epstopdf-sys.cfg
File: epstopdf-sys.cfg 2010/07/13 v1.3 Configuration of (r)epstopdf for TeX Liv
e
))
Package caption Info: Begin \AtBeginDocument code.
Package caption Info: End \AtBeginDocument code.
LaTeX Font Info:    External font `cmex10' loaded for size
(Font)              <12> on input line 14.
LaTeX Font Info:    External font `cmex10' loaded for size
(Font)              <8> on input line 14.
LaTeX Font Info:    External font `cmex10' loaded for size
(Font)              <6> on input line 14.

[1

{/usr/local/texlive/2018/texmf-var/fonts/map/pdftex/updmap/pdftex.map}]
<../dev/avg_ret_no_stop_def.pdf, id=11, 578.16pt x 361.35pt>
File: ../dev/avg_ret_no_stop_def.pdf Graphic file (type pdf)
<use ../dev/avg_ret_no_stop_def.pdf>
Package pdftex.def Info: ../dev/avg_ret_no_stop_def.pdf  used on input line 50.

(pdftex.def)             Requested size: 345.0pt x 215.6207pt.


LaTeX Warning: `!h' float specifier changed to `!ht'.

<../dev/avg_ret_risk_close.pdf, id=12, 578.16pt x 361.35pt>
File: ../dev/avg_ret_risk_close.pdf Graphic file (type pdf)
<use ../dev/avg_ret_risk_close.pdf>
Package pdftex.def Info: ../dev/avg_ret_risk_close.pdf  used on input line 61.
(pdftex.def)             Requested size: 345.0pt x 215.6207pt.
LaTeX Font Info:    External font `cmex10' loaded for size
(Font)              <7> on input line 63.
LaTeX Font Info:    External font `cmex10' loaded for size
(Font)              <5> on input line 63.
<../dev/avg_ret_risk_high.pdf, id=13, 578.16pt x 361.35pt>
File: ../dev/avg_ret_risk_high.pdf Graphic file (type pdf)
<use ../dev/avg_ret_risk_high.pdf>
Package pdftex.def Info: ../dev/avg_ret_risk_high.pdf  used on input line 66.
(pdftex.def)             Requested size: 345.0pt x 215.6207pt.
<../dev/pc_stop_risk_close.pdf, id=14, 578.16pt x 361.35pt>
File: ../dev/pc_stop_risk_close.pdf Graphic file (type pdf)
<use ../dev/pc_stop_risk_close.pdf>
Package pdftex.def Info: ../dev/pc_stop_risk_close.pdf  used on input line 78.
(pdftex.def)             Requested size: 345.0pt x 215.6207pt.
<../dev/pc_stop_risk_high.pdf, id=15, 578.16pt x 361.35pt>
File: ../dev/pc_stop_risk_high.pdf Graphic file (type pdf)
<use ../dev/pc_stop_risk_high.pdf>
Package pdftex.def Info: ../dev/pc_stop_risk_high.pdf  used on input line 83.
(pdftex.def)             Requested size: 345.0pt x 215.6207pt.
<../dev/avg_ret_no_stop_var_1.pdf, id=16, 578.16pt x 361.35pt>
File: ../dev/avg_ret_no_stop_var_1.pdf Graphic file (type pdf)
<use ../dev/avg_ret_no_stop_var_1.pdf>
Package pdftex.def Info: ../dev/avg_ret_no_stop_var_1.pdf  used on input line 9
5.
(pdftex.def)             Requested size: 345.0pt x 215.6207pt.

LaTeX Warning: `!h' float specifier changed to `!ht'.

<../dev/avg_ret_risk_close_var_1.pdf, id=17, 578.16pt x 361.35pt>
File: ../dev/avg_ret_risk_close_var_1.pdf Graphic file (type pdf)
<use ../dev/avg_ret_risk_close_var_1.pdf>
Package pdftex.def Info: ../dev/avg_ret_risk_close_var_1.pdf  used on input lin
e 106.
(pdftex.def)             Requested size: 345.0pt x 215.6207pt.
<../dev/avg_ret_risk_high_var_1.pdf, id=18, 578.16pt x 361.35pt>
File: ../dev/avg_ret_risk_high_var_1.pdf Graphic file (type pdf)
<use ../dev/avg_ret_risk_high_var_1.pdf>
Package pdftex.def Info: ../dev/avg_ret_risk_high_var_1.pdf  used on input line
 111.
(pdftex.def)             Requested size: 345.0pt x 215.6207pt.
<../dev/pc_stop_risk_close_var_1.pdf, id=19, 578.16pt x 361.35pt>
File: ../dev/pc_stop_risk_close_var_1.pdf Graphic file (type pdf)
<use ../dev/pc_stop_risk_close_var_1.pdf>
Package pdftex.def Info: ../dev/pc_stop_risk_close_var_1.pdf  used on input lin
e 123.
(pdftex.def)             Requested size: 345.0pt x 215.6207pt.
<../dev/pc_stop_risk_high_var_1.pdf, id=20, 578.16pt x 361.35pt>
File: ../dev/pc_stop_risk_high_var_1.pdf Graphic file (type pdf)
<use ../dev/pc_stop_risk_high_var_1.pdf>
Package pdftex.def Info: ../dev/pc_stop_risk_high_var_1.pdf  used on input line
 128.
(pdftex.def)             Requested size: 345.0pt x 215.6207pt.
[2] [3 <../dev/avg_ret_no_stop_def.pdf>] [4 <../dev/avg_ret_risk_close.pdf> <..
/dev/avg_ret_risk_high.pdf

pdfTeX warning: /Library/TeX/texbin/pdflatex (file ../dev/avg_ret_risk_high.pdf
): PDF inclusion: multiple pdfs with page group included in a single page
>] [5 <../dev/pc_stop_risk_close.pdf> <../dev/pc_stop_risk_high.pdf

pdfTeX warning: /Library/TeX/texbin/pdflatex (file ../dev/pc_stop_risk_high.pdf
): PDF inclusion: multiple pdfs with page group included in a single page
>] [6 <../dev/avg_ret_no_stop_var_1.pdf>] [7 <../dev/avg_ret_risk_close_var_1.p
df> <../dev/avg_ret_risk_high_var_1.pdf

pdfTeX warning: /Library/TeX/texbin/pdflatex (file ../dev/avg_ret_risk_high_var
_1.pdf): PDF inclusion: multiple pdfs with page group included in a single page

>] [8 <../dev/pc_stop_risk_close_var_1.pdf> <../dev/pc_stop_risk_high_var_1.pdf


pdfTeX warning: /Library/TeX/texbin/pdflatex (file ../dev/pc_stop_risk_high_var
_1.pdf): PDF inclusion: multiple pdfs with page group included in a single page

>] (./running_short_initial_analysis.aux) ) 
Here is how much of TeX's memory you used:
 2671 strings out of 492649
 44024 string characters out of 6129622
 111264 words of memory out of 5000000
 6540 multiletter control sequences out of 15000+600000
 8232 words of font info for 29 fonts, out of 8000000 for 9000
 1141 hyphenation exceptions out of 8191
 41i,7n,39p,1115b,432s stack positions out of 5000i,500n,10000p,200000b,80000s
</usr/local/texlive/2018/texmf-dist/
fonts/type1/public/amsfonts/cm/cmbx12.pfb></usr/local/texlive/2018/texmf-dist/f
onts/type1/public/amsfonts/cm/cmr10.pfb></usr/local/texlive/2018/texmf-dist/fon
ts/type1/public/amsfonts/cm/cmr12.pfb></usr/local/texlive/2018/texmf-dist/fonts
/type1/public/amsfonts/cm/cmr17.pfb></usr/local/texlive/2018/texmf-dist/fonts/t
ype1/public/amsfonts/cm/cmr9.pfb></usr/local/texlive/2018/texmf-dist/fonts/type
1/public/amsfonts/cm/cmti10.pfb>
Output written on running_short_initial_analysis.pdf (8 pages, 202903 bytes).
PDF statistics:
 513 PDF objects out of 1000 (max. 8388607)
 94 compressed objects within 1 object stream
 0 named destinations out of 1000 (max. 500000)
 51 words of extra memory for PDF output out of 10000 (max. 10000000)

